<?xml version="1.0" encoding="UTF-8"?>
<!-- Generated by org.testng.reporters.JUnitReportReporter -->
<testsuite hostname="BHANU-LAPTOP" failures="0" tests="1" name="script.Test1" time="9.502" errors="0" timestamp="2022-09-26T09:11:08 IST" skipped="0">
  <testcase classname="script.Test1" name="testA" time="9.502"/>
  <system-out/>
</testsuite> <!-- script.Test1 -->
